1509205664069	geckodriver	INFO	Listening on 127.0.0.1:55434
1509205665266	mozprofile::profile	INFO	Using profile path /var/folders/zb/w47451f15nzdm05rvtnyrmcr0000gn/T/rust_mozprofile.FFz2e9KTniob
1509205665268	geckodriver::marionette	INFO	Starting browser /Applications/Firefox.app/Contents/MacOS/firefox-bin
1509205665284	geckodriver::marionette	INFO	Connecting to Marionette on localhost:55447
1509205666231	addons.xpi	WARN	Error parsing extensions state: [Exception... "Component returned failure code: 0x80520012 (NS_ERROR_FILE_NOT_FOUND) [amIAddonManagerStartup.readStartupData]"  nsresult: "0x80520012 (NS_ERROR_FILE_NOT_FOUND)"  location: "JS frame :: resource://gre/modules/addons/XPIProvider.jsm :: loadExtensionState :: line 1554"  data: no] Stack trace: loadExtensionState()@resource://gre/modules/addons/XPIProvider.jsm:1554 < getInstallState()@resource://gre/modules/addons/XPIProvider.jsm:1589 < checkForChanges()@resource://gre/modules/addons/XPIProvider.jsm:3109 < startup()@resource://gre/modules/addons/XPIProvider.jsm:2188 < callProvider()@resource://gre/modules/AddonManager.jsm:269 < _startProvider()@resource://gre/modules/AddonManager.jsm:739 < startup()@resource://gre/modules/AddonManager.jsm:906 < startup()@resource://gre/modules/AddonManager.jsm:3090 < observe()@jar:file:///Applications/Firefox.app/Contents/Resources/omni.ja!/components/addonManager.js:65
1509205666669	Marionette	INFO	Enabled via --marionette
2017-10-28 17:47:47.693 plugin-container[20955:2625668] *** CFMessagePort: bootstrap_register(): failed 1100 (0x44c) 'Permission denied', port = 0xa23b, name = 'com.apple.tsm.portname'
See /usr/include/servers/bootstrap_defs.h for the error codes.
2017-10-28 17:47:47.694 plugin-container[20955:2625668] *** CFMessagePort: bootstrap_register(): failed 1100 (0x44c) 'Permission denied', port = 0xa503, name = 'com.apple.CFPasteboardClient'
See /usr/include/servers/bootstrap_defs.h for the error codes.
1509205668143	Marionette	INFO	Listening on port 55447
1509205668224	Marionette	DEBUG	Register listener.js for window 2147483649
1509205705971	Marionette	DEBUG	Received DOM event "beforeunload" for "about:blank"
1509205706494	Marionette	DEBUG	Received DOM event "pagehide" for "about:blank"
1509205706494	Marionette	DEBUG	Received DOM event "unload" for "about:blank"
1509205707086	Marionette	DEBUG	Received DOM event "DOMContentLoaded" for "https://www.msc.com/track-a-shipment?agencyPath=deu"
1509205707980	Marionette	DEBUG	Received DOM event "pageshow" for "https://www.msc.com/track-a-shipment?agencyPath=deu"
1509205708088	Marionette	INFO	New connections will no longer be accepted
*** UTM:SVC TimerManager:registerTimer called after profile-before-change notification. Ignoring timer registration for id: telemetry_modules_ping
1509205730944	geckodriver	INFO	Listening on 127.0.0.1:55580
1509205731991	mozprofile::profile	INFO	Using profile path /var/folders/zb/w47451f15nzdm05rvtnyrmcr0000gn/T/rust_mozprofile.j0X3fI7XriRX
1509205731992	geckodriver::marionette	INFO	Starting browser /Applications/Firefox.app/Contents/MacOS/firefox-bin
1509205731998	geckodriver::marionette	INFO	Connecting to Marionette on localhost:55593
1509205732268	addons.xpi	WARN	Error parsing extensions state: [Exception... "Component returned failure code: 0x80520012 (NS_ERROR_FILE_NOT_FOUND) [amIAddonManagerStartup.readStartupData]"  nsresult: "0x80520012 (NS_ERROR_FILE_NOT_FOUND)"  location: "JS frame :: resource://gre/modules/addons/XPIProvider.jsm :: loadExtensionState :: line 1554"  data: no] Stack trace: loadExtensionState()@resource://gre/modules/addons/XPIProvider.jsm:1554 < getInstallState()@resource://gre/modules/addons/XPIProvider.jsm:1589 < checkForChanges()@resource://gre/modules/addons/XPIProvider.jsm:3109 < startup()@resource://gre/modules/addons/XPIProvider.jsm:2188 < callProvider()@resource://gre/modules/AddonManager.jsm:269 < _startProvider()@resource://gre/modules/AddonManager.jsm:739 < startup()@resource://gre/modules/AddonManager.jsm:906 < startup()@resource://gre/modules/AddonManager.jsm:3090 < observe()@jar:file:///Applications/Firefox.app/Contents/Resources/omni.ja!/components/addonManager.js:65
1509205732650	Marionette	INFO	Enabled via --marionette
2017-10-28 17:48:53.616 plugin-container[20966:2627306] *** CFMessagePort: bootstrap_register(): failed 1100 (0x44c) 'Permission denied', port = 0xa23b, name = 'com.apple.tsm.portname'
See /usr/include/servers/bootstrap_defs.h for the error codes.
2017-10-28 17:48:53.617 plugin-container[20966:2627306] *** CFMessagePort: bootstrap_register(): failed 1100 (0x44c) 'Permission denied', port = 0xa503, name = 'com.apple.CFPasteboardClient'
See /usr/include/servers/bootstrap_defs.h for the error codes.
1509205734038	Marionette	INFO	Listening on port 55593
1509205734135	Marionette	DEBUG	Register listener.js for window 2147483649
